app/build/intermediates/manifest_merge_blame_file/debug/manifest-merger-blame-debug-report.txt
1<?xml version="1.0" encoding="utf-8"?>
2<manifest xmlns:android="http://schemas.android.com/apk/res/android"
3    package="com.ciube.glass.coke"
4    android:versionCode="1"
5    android:versionName="1.0" >
6
7    <uses-sdk
8        android:minSdkVersion="19"
9        android:targetSdkVersion="19" />
10
11    <uses-permission android:name="android.permission.CHANGE_WIFI_STATE" />
11-->src/main/AndroidManifest.xml:5:5-76
11-->src/main/AndroidManifest.xml:5:22-73
12    <uses-permission android:name="android.permission.ACCESS_WIFI_STATE" />
12-->src/main/AndroidManifest.xml:6:5-76
12-->src/main/AndroidManifest.xml:6:22-73
13
14    <application
14-->src/main/AndroidManifest.xml:8:5-34:19
15        android:allowBackup="true"
15-->src/main/AndroidManifest.xml:9:9-35
16        android:debuggable="true"
17        android:label="@string/app_name"
17-->src/main/AndroidManifest.xml:10:9-41
18        android:theme="@style/GlassTheme" >
18-->src/main/AndroidManifest.xml:11:9-42
19
20        <!-- Entry point: voice trigger "start a round of golf" -->
21        <activity
21-->src/main/AndroidManifest.xml:14:9-26:20
22            android:name="com.ciube.glass.coke.MainActivity"
22-->src/main/AndroidManifest.xml:15:13-61
23            android:enabled="true"
23-->src/main/AndroidManifest.xml:18:13-35
24            android:exported="true"
24-->src/main/AndroidManifest.xml:19:13-36
25            android:icon="@android:drawable/ic_menu_compass"
25-->src/main/AndroidManifest.xml:17:13-61
26            android:label="@string/app_name" >
26-->src/main/AndroidManifest.xml:16:13-45
27            <intent-filter>
27-->src/main/AndroidManifest.xml:20:13-22:29
28                <action android:name="com.google.android.glass.action.VOICE_TRIGGER" />
28-->src/main/AndroidManifest.xml:21:17-88
28-->src/main/AndroidManifest.xml:21:25-85
29            </intent-filter>
30
31            <meta-data
31-->src/main/AndroidManifest.xml:23:13-25:57
32                android:name="com.google.android.glass.VoiceTrigger"
32-->src/main/AndroidManifest.xml:24:17-69
33                android:resource="@xml/voice_trigger" />
33-->src/main/AndroidManifest.xml:25:17-54
34        </activity>
35
36        <!-- Immersion activity: scrollable list of golf utilities -->
37        <activity
37-->src/main/AndroidManifest.xml:29:9-32:40
38            android:name="com.ciube.glass.coke.GolfMenuActivity"
38-->src/main/AndroidManifest.xml:30:13-65
39            android:exported="false"
39-->src/main/AndroidManifest.xml:32:13-37
40            android:label="@string/app_name" />
40-->src/main/AndroidManifest.xml:31:13-45
41    </application>
42
43</manifest>